SF:lib/services/database_service.dart
DA:13,1
DA:14,1
DA:18,1
DA:27,1
DA:28,1
DA:30,2
DA:31,1
DA:32,1
DA:33,3
DA:36,1
DA:37,2
DA:40,0
DA:41,0
DA:43,0
DA:52,1
DA:53,1
DA:55,2
DA:56,1
DA:64,4
DA:65,3
DA:71,0
DA:72,0
DA:74,0
DA:75,0
DA:83,0
DA:88,1
DA:89,1
DA:91,2
DA:92,1
DA:93,2
DA:95,2
DA:100,1
DA:101,2
DA:103,2
DA:104,1
DA:110,1
DA:112,1
DA:113,2
DA:114,2
DA:117,2
DA:122,1
DA:123,3
DA:125,2
DA:126,1
DA:127,3
DA:129,1
DA:133,2
DA:136,3
DA:141,1
DA:142,2
DA:144,2
DA:145,1
DA:148,1
DA:151,2
DA:160,0
DA:161,0
DA:163,0
DA:164,0
DA:171,0
DA:173,0
DA:174,0
DA:180,0
DA:181,0
DA:183,0
DA:184,0
DA:191,0
DA:193,0
DA:194,0
DA:200,0
DA:201,0
DA:203,0
DA:204,0
DA:213,0
DA:215,0
DA:216,0
DA:222,0
DA:228,0
DA:230,0
DA:231,0
DA:241,0
DA:243,0
DA:244,0
DA:250,0
DA:251,0
DA:253,0
DA:254,0
DA:261,0
DA:263,0
DA:264,0
DA:270,1
DA:271,2
DA:273,2
DA:275,1
DA:282,1
DA:284,1
DA:285,2
DA:286,3
DA:290,0
DA:295,0
DA:296,0
DA:298,0
DA:301,0
DA:303,0
DA:310,0
DA:312,0
DA:313,0
DA:314,0
DA:318,0
DA:323,1
DA:324,2
DA:325,0
DA:328,2
DA:330,2
DA:331,2
DA:333,1
DA:341,1
DA:343,4
DA:344,3
DA:350,0
DA:351,0
DA:352,0
DA:355,0
DA:364,1
DA:366,1
DA:369,0
DA:373,0
DA:374,0
DA:378,0
DA:379,0
DA:380,0
DA:389,1
DA:395,0
DA:397,0
DA:400,0
DA:401,0
DA:405,0
DA:406,0
DA:413,1
DA:414,1
DA:416,2
DA:418,1
DA:428,1
DA:429,1
DA:430,1
DA:431,1
DA:432,1
DA:433,1
DA:434,1
DA:437,3
DA:442,1
DA:443,2
DA:444,1
DA:446,2
DA:448,1
DA:450,1
DA:462,1
DA:464,1
DA:465,3
DA:467,2
DA:468,1
DA:469,1
DA:470,1
DA:471,1
DA:472,1
DA:473,1
DA:474,1
DA:475,1
DA:477,1
DA:479,3
DA:484,0
DA:485,0
DA:487,0
DA:489,0
DA:498,0
DA:499,0
DA:500,0
DA:501,0
DA:502,0
DA:505,0
DA:510,1
DA:511,2
DA:512,1
DA:514,2
DA:516,2
DA:518,1
DA:541,1
DA:543,1
DA:544,3
DA:547,2
DA:548,1
DA:549,1
DA:551,2
DA:553,1
DA:555,3
DA:560,1
DA:561,2
DA:562,1
DA:564,2
DA:566,1
DA:568,1
DA:583,1
DA:585,1
DA:586,3
DA:589,2
DA:590,1
DA:591,1
DA:593,2
DA:595,1
DA:597,3
DA:605,1
DA:606,2
DA:607,1
DA:608,1
DA:609,1
DA:612,1
DA:613,2
DA:614,1
DA:618,5
DA:622,0
DA:628,0
DA:634,0
DA:637,0
DA:641,0
DA:644,0
DA:646,0
DA:651,0
DA:652,0
DA:656,1
DA:657,2
DA:658,1
DA:661,1
DA:663,1
DA:664,2
DA:669,1
DA:670,2
DA:671,1
DA:673,1
DA:675,2
DA:679,1
DA:680,2
DA:681,1
DA:684,1
DA:689,0
DA:690,0
DA:692,0
DA:695,0
DA:696,0
DA:697,0
DA:699,0
DA:701,0
DA:705,0
DA:706,0
DA:711,0
DA:712,0
DA:713,0
DA:716,0
DA:718,0
DA:720,0
DA:723,0
DA:728,0
DA:729,0
DA:730,0
DA:734,0
DA:736,0
DA:739,0
DA:740,0
DA:741,0
DA:744,0
DA:746,0
DA:747,0
DA:752,0
DA:753,0
DA:754,0
DA:757,0
DA:760,0
DA:763,0
DA:764,0
DA:765,0
DA:767,0
DA:769,0
DA:772,0
DA:780,0
DA:786,0
DA:787,0
DA:789,0
DA:790,0
DA:793,0
DA:794,0
DA:795,0
DA:799,0
DA:807,0
DA:808,0
DA:811,0
DA:812,0
DA:814,0
DA:822,0
DA:823,0
DA:826,0
DA:831,0
DA:832,0
DA:836,0
DA:850,0
DA:857,1
DA:858,2
DA:859,1
DA:860,1
DA:861,1
DA:864,1
DA:865,2
DA:866,1
DA:870,5
DA:873,1
DA:874,2
DA:875,1
DA:878,1
DA:881,5
DA:884,1
DA:885,2
DA:886,1
DA:889,1
DA:891,1
DA:892,2
DA:897,1
DA:898,2
DA:899,1
DA:901,1
DA:903,2
DA:907,0
DA:908,0
DA:909,0
DA:912,0
DA:916,1
DA:917,2
DA:918,1
DA:920,1
DA:922,1
DA:931,0
DA:932,0
DA:933,0
DA:935,0
DA:937,0
DA:941,0
DA:942,0
DA:943,0
DA:946,0
DA:949,0
DA:953,0
DA:954,0
DA:955,0
DA:958,0
DA:960,0
DA:964,0
DA:965,0
DA:966,0
DA:969,0
DA:972,0
DA:976,0
DA:977,0
DA:981,0
DA:986,0
DA:988,0
DA:989,0
DA:996,0
DA:997,0
DA:1000,0
DA:1002,0
DA:1004,0
DA:1009,0
DA:1010,0
DA:1012,0
DA:1014,0
DA:1018,0
DA:1021,0
DA:1024,0
DA:1026,0
DA:1028,0
DA:1032,0
DA:1038,0
DA:1039,0
DA:1041,0
DA:1047,0
DA:1052,0
DA:1053,0
DA:1056,0
DA:1061,0
DA:1065,0
DA:1066,0
DA:1068,0
DA:1070,0
DA:1072,0
DA:1073,0
DA:1074,0
DA:1075,0
DA:1076,0
DA:1079,0
DA:1080,0
DA:1081,0
DA:1082,0
DA:1083,0
DA:1084,0
DA:1086,0
DA:1087,0
DA:1089,0
DA:1093,0
DA:1094,0
DA:1096,0
DA:1100,0
DA:1105,0
DA:1106,0
DA:1107,0
DA:1109,0
DA:1111,0
DA:1114,0
DA:1115,0
DA:1117,0
DA:1119,0
DA:1122,0
DA:1124,0
DA:1127,0
DA:1128,0
DA:1129,0
DA:1133,0
DA:1141,0
DA:1142,0
DA:1145,0
DA:1148,0
DA:1149,0
DA:1153,0
DA:1161,0
DA:1162,0
LF:430
LH:182
end_of_record
SF:lib/data/models/flight.dart
DA:47,1
DA:92,1
DA:93,1
DA:94,1
DA:95,2
DA:96,1
DA:97,1
DA:98,1
DA:99,1
DA:100,1
DA:101,1
DA:102,1
DA:103,1
DA:104,1
DA:105,1
DA:106,1
DA:108,1
DA:109,1
DA:110,1
DA:111,1
DA:112,1
DA:113,1
DA:114,1
DA:115,1
DA:116,1
DA:117,1
DA:118,1
DA:119,1
DA:120,1
DA:121,1
DA:122,1
DA:123,2
DA:124,1
DA:125,1
DA:126,1
DA:127,1
DA:128,1
DA:129,1
DA:130,1
DA:131,1
DA:132,1
DA:133,1
DA:134,1
DA:135,1
DA:139,1
DA:140,1
DA:141,1
DA:142,2
DA:143,1
DA:144,1
DA:145,1
DA:146,1
DA:147,1
DA:148,1
DA:149,1
DA:150,1
DA:151,1
DA:152,1
DA:153,1
DA:154,1
DA:155,2
DA:156,1
DA:157,1
DA:158,1
DA:159,1
DA:160,2
DA:161,1
DA:162,1
DA:163,1
DA:164,1
DA:165,1
DA:166,1
DA:167,1
DA:168,1
DA:169,1
DA:170,3
DA:171,1
DA:172,1
DA:173,1
DA:174,1
DA:175,1
DA:176,1
DA:177,1
DA:178,1
DA:179,1
DA:180,1
DA:181,1
DA:182,1
DA:186,1
DA:229,1
DA:230,1
DA:231,1
DA:232,1
DA:233,1
DA:234,1
DA:235,1
DA:236,1
DA:237,1
DA:238,1
DA:239,1
DA:240,1
DA:241,1
DA:242,1
DA:243,1
DA:244,0
DA:245,1
DA:246,1
DA:247,1
DA:248,1
DA:249,1
DA:250,1
DA:251,1
DA:252,1
DA:253,0
DA:254,1
DA:255,1
DA:256,1
DA:257,1
DA:258,1
DA:259,1
DA:260,1
DA:261,1
DA:262,1
DA:263,1
DA:264,1
DA:265,1
DA:266,1
DA:267,1
DA:268,1
DA:269,1
DA:270,1
LF:131
LH:129
end_of_record
SF:lib/data/models/site.dart
DA:12,1
DA:24,1
DA:25,1
DA:26,1
DA:27,1
DA:28,1
DA:29,1
DA:30,1
DA:31,1
DA:32,1
DA:33,1
DA:37,1
DA:38,1
DA:39,1
DA:40,1
DA:41,2
DA:42,2
DA:43,2
DA:44,1
DA:45,2
DA:46,1
DA:47,1
DA:51,1
DA:62,1
DA:63,1
DA:64,0
DA:65,1
DA:66,1
DA:67,0
DA:68,1
DA:69,1
DA:70,1
DA:71,1
DA:75,0
DA:78,0
DA:81,0
DA:82,0
LF:37
LH:31
end_of_record
SF:lib/data/models/wing.dart
DA:13,1
DA:26,1
DA:27,1
DA:28,1
DA:29,1
DA:30,1
DA:31,1
DA:32,1
DA:33,1
DA:34,1
DA:35,1
DA:36,1
DA:37,1
DA:41,1
DA:42,1
DA:43,1
DA:44,1
DA:45,1
DA:46,1
DA:47,1
DA:48,1
DA:49,1
DA:50,2
DA:51,1
DA:52,1
DA:56,1
DA:68,1
DA:69,1
DA:70,1
DA:71,0
DA:72,1
DA:73,0
DA:74,1
DA:75,1
DA:76,1
DA:77,1
DA:78,1
DA:82,0
DA:85,0
DA:88,1
DA:89,2
DA:91,0
DA:92,0
DA:93,0
DA:94,0
DA:96,0
DA:97,0
DA:100,0
DA:101,0
DA:104,0
LF:50
LH:37
end_of_record
SF:lib/data/datasources/database_helper.dart
DA:11,1
DA:12,3
DA:15,2
DA:17,1
DA:18,2
DA:19,2
DA:21,1
DA:24,1
DA:25,1
DA:31,0
DA:32,0
DA:80,0
DA:93,0
DA:108,0
DA:120,0
DA:124,0
DA:125,0
DA:131,0
DA:134,0
DA:137,0
DA:140,0
DA:141,0
DA:143,0
DA:145,0
DA:150,0
DA:151,0
DA:155,0
DA:157,0
DA:160,0
DA:177,0
DA:179,0
DA:186,0
DA:188,0
DA:190,0
DA:196,0
DA:198,0
DA:201,0
DA:213,0
DA:214,0
DA:216,0
DA:218,0
DA:224,0
DA:226,0
DA:229,0
DA:230,0
DA:231,0
DA:232,0
DA:233,0
DA:234,0
DA:235,0
DA:236,0
DA:237,0
DA:238,0
DA:239,0
DA:240,0
DA:242,0
DA:244,0
DA:250,0
DA:252,0
DA:254,0
DA:256,0
DA:258,0
DA:263,0
DA:267,0
DA:268,0
DA:272,0
DA:277,0
DA:280,0
DA:285,0
DA:287,0
DA:290,0
DA:292,0
DA:293,0
DA:294,0
DA:295,0
DA:296,0
DA:297,0
DA:298,0
DA:301,0
DA:302,0
DA:304,0
DA:305,0
DA:310,0
DA:312,0
DA:315,0
DA:316,0
DA:318,0
DA:319,0
DA:324,0
DA:325,0
DA:326,0
DA:330,0
DA:333,0
DA:338,0
DA:339,0
DA:340,0
LF:96
LH:9
end_of_record
SF:lib/services/logging_service.dart
DA:6,0
DA:7,0
DA:8,0
DA:10,3
DA:12,1
DA:23,1
DA:24,2
DA:28,1
DA:29,2
DA:33,0
DA:34,0
DA:38,0
DA:39,0
DA:43,0
DA:44,0
DA:48,1
DA:50,0
DA:52,3
DA:57,0
DA:59,0
DA:61,0
DA:66,0
DA:67,0
DA:68,0
DA:72,0
DA:74,0
DA:75,0
DA:76,0
DA:82,0
DA:83,0
DA:84,0
DA:85,0
LF:32
LH:8
end_of_record
